             administration
             accounting
             about
             address/select
             address/saved
             address/create
             address/edit/:addressId
             delivery-method
             deluxe-membership
             saved-payment-methods
             basket
             order-completion/:id
             contact
             photo-wall
             complain
             chatbot
             order-summary
             order-history
             payment/:entity
             wallet
             login
             forgot-password
             recycle
             register
             search
             hacking-instructor
             score-board
             track-result
             track-result/new
             2fa/enter
             privacy-security
                 privacy-policy
                 change-password
                 two-factor-authentication
                 data-export
                 last-login-ip
             403
             **
