[
  "aa_DJ",
  "aa_ER",
  "aa_ET",
  "af",
  "af_NA",
  "af_ZA",
  "ak",
  "ak_GH",
  "am",
  "am_ET",
  "an_ES",
  "ar",
  "ar_AE",
  "ar_BH",
  "ar_DZ",
  "ar_EG",
  "ar_IN",
  "ar_IQ",
  "ar_JO",
  "ar_KW",
  "ar_LB",
  "ar_LY",
  "ar_MA",
  "ar_OM",
  "ar_QA",
  "ar_SA",
  "ar_SD",
  "ar_SY",
  "ar_TN",
  "ar_YE",
  "as",
  "as_IN",
  "asa",
  "asa_TZ",
  "ast_ES",
  "az",
  "az_AZ",
  "az_Cyrl",
  "az_Cyrl_AZ",
  "az_Latn",
  "az_Latn_AZ",
  "be",
  "be_BY",
  "bem",
  "bem_ZM",
  "ber_DZ",
  "ber_MA",
  "bez",
  "bez_TZ",
  "bg",
  "bg_BG",
  "bho_IN",
  "bm",
  "bm_ML",
  "bn",
  "bn_BD",
  "bn_IN",
  "bo",
  "bo_CN",
  "bo_IN",
  "br_FR",
  "brx_IN",
  "bs",
  "bs_BA",
  "byn_ER",
  "ca",
  "ca_AD",
  "ca_ES",
  "ca_FR",
  "ca_IT",
  "cgg",
  "cgg_UG",
  "chr",
  "chr_US",
  "crh_UA",
  "cs",
  "cs_CZ",
  "csb_PL",
  "cv_RU",
  "cy",
  "cy_GB",
  "da",
  "da_DK",
  "dav",
  "dav_KE",
  "de",
  "de_AT",
  "de_BE",
  "de_CH",
  "de_DE",
  "de_LI",
  "de_LU",
  "dv_MV",
  "dz_BT",
  "ebu",
  "ebu_KE",
  "ee",
  "ee_GH",
  "ee_TG",
  "el",
  "el_CY",
  "el_GR",
  "en",
  "en_AG",
  "en_AS",
  "en_AU",
  "en_BE",
  "en_BW",
  "en_BZ",
  "en_CA",
  "en_DK",
  "en_GB",
  "en_GU",
  "en_HK",
  "en_IE",
  "en_IN",
  "en_JM",
  "en_MH",
  "en_MP",
  "en_MT",
  "en_MU",
  "en_NA",
  "en_NG",
  "en_NZ",
  "en_PH",
  "en_PK",
  "en_SG",
  "en_TT",
  "en_UM",
  "en_US",
  "en_VI",
  "en_ZA",
  "en_ZM",
  "en_ZW",
  "eo",
  "es",
  "es_419",
  "es_AR",
  "es_BO",
  "es_CL",
  "es_CO",
  "es_CR",
  "es_CU",
  "es_DO",
  "es_EC",
  "es_ES",
  "es_GQ",
  "es_GT",
  "es_HN",
  "es_MX",
  "es_NI",
  "es_PA",
  "es_PE",
  "es_PR",
  "es_PY",
  "es_SV",
  "es_US",
  "es_UY",
  "es_VE",
  "et",
  "et_EE",
  "eu",
  "eu_ES",
  "fa",
  "fa_AF",
  "fa_IR",
  "ff",
  "ff_SN",
  "fi",
  "fi_FI",
  "fil",
  "fil_PH",
  "fo",
  "fo_FO",
  "fr",
  "fr_BE",
  "fr_BF",
  "fr_BI",
  "fr_BJ",
  "fr_BL",
  "fr_CA",
  "fr_CD",
  "fr_CF",
  "fr_CG",
  "fr_CH",
  "fr_CI",
  "fr_CM",
  "fr_DJ",
  "fr_FR",
  "fr_GA",
  "fr_GN",
  "fr_GP",
  "fr_GQ",
  "fr_KM",
  "fr_LU",
  "fr_MC",
  "fr_MF",
  "fr_MG",
  "fr_ML",
  "fr_MQ",
  "fr_NE",
  "fr_RE",
  "fr_RW",
  "fr_SN",
  "fr_TD",
  "fr_TG",
  "fur_IT",
  "fy_DE",
  "fy_NL",
  "ga",
  "ga_IE",
  "gd_GB",
  "gez_ER",
  "gez_ET",
  "gl",
  "gl_ES",
  "gsw",
  "gsw_CH",
  "gu",
  "gu_IN",
  "guz",
  "guz_KE",
  "gv",
  "gv_GB",
  "ha",
  "ha_Latn",
  "ha_Latn_GH",
  "ha_Latn_NE",
  "ha_Latn_NG",
  "ha_NG",
  "haw",
  "haw_US",
  "he",
  "he_IL",
  "hi",
  "hi_IN",
  "hne_IN",
  "hr",
  "hr_HR",
  "hsb_DE",
  "ht_HT",
  "hu",
  "hu_HU",
  "hy",
  "hy_AM",
  "id",
  "id_ID",
  "ig",
  "ig_NG",
  "ii",
  "ii_CN",
  "ik_CA",
  "is",
  "is_IS",
  "it",
  "it_CH",
  "it_IT",
  "iu_CA",
  "iw_IL",
  "ja",
  "ja_JP",
  "jmc",
  "jmc_TZ",
  "ka",
  "ka_GE",
  "kab",
  "kab_DZ",
  "kam",
  "kam_KE",
  "kde",
  "kde_TZ",
  "kea",
  "kea_CV",
  "khq",
  "khq_ML",
  "ki",
  "ki_KE",
  "kk",
  "kk_Cyrl",
  "kk_Cyrl_KZ",
  "kk_KZ",
  "kl",
  "kl_GL",
  "kln",
  "kln_KE",
  "km",
  "km_KH",
  "kn",
  "kn_IN",
  "ko",
  "ko_KR",
  "kok",
  "kok_IN",
  "ks_IN",
  "ku_TR",
  "kw",
  "kw_GB",
  "ky_KG",
  "lag",
  "lag_TZ",
  "lb_LU",
  "lg",
  "lg_UG",
  "li_BE",
  "li_NL",
  "lij_IT",
  "lo_LA",
  "lt",
  "lt_LT",
  "luo",
  "luo_KE",
  "luy",
  "luy_KE",
  "lv",
  "lv_LV",
  "mag_IN",
  "mai_IN",
  "mas",
  "mas_KE",
  "mas_TZ",
  "mer",
  "mer_KE",
  "mfe",
  "mfe_MU",
  "mg",
  "mg_MG",
  "mhr_RU",
  "mi_NZ",
  "mk",
  "mk_MK",
  "ml",
  "ml_IN",
  "mn_MN",
  "mr",
  "mr_IN",
  "ms",
  "ms_BN",
  "ms_MY",
  "mt",
  "mt_MT",
  "my",
  "my_MM",
  "nan_TW",
  "naq",
  "naq_NA",
  "nb",
  "nb_NO",
  "nd",
  "nd_ZW",
  "nds_DE",
  "nds_NL",
  "ne",
  "ne_IN",
  "ne_NP",
  "nl",
  "nl_AW",
  "nl_BE",
  "nl_NL",
  "nn",
  "nn_NO",
  "nr_ZA",
  "nso_ZA",
  "nyn",
  "nyn_UG",
  "oc_FR",
  "om",
  "om_ET",
  "om_KE",
  "or",
  "or_IN",
  "os_RU",
  "pa",
  "pa_Arab",
  "pa_Arab_PK",
  "pa_Guru",
  "pa_Guru_IN",
  "pa_IN",
  "pa_PK",
  "pap_AN",
  "pl",
  "pl_PL",
  "ps",
  "ps_AF",
  "pt",
  "pt_BR",
  "pt_GW",
  "pt_MZ",
  "pt_PT",
  "rm",
  "rm_CH",
  "ro",
  "ro_MD",
  "ro_RO",
  "rof",
  "rof_TZ",
  "ru",
  "ru_MD",
  "ru_RU",
  "ru_UA",
  "rw",
  "rw_RW",
  "rwk",
  "rwk_TZ",
  "sa_IN",
  "saq",
  "saq_KE",
  "sc_IT",
  "sd_IN",
  "se_NO",
  "seh",
  "seh_MZ",
  "ses",
  "ses_ML",
  "sg",
  "sg_CF",
  "shi",
  "shi_Latn",
  "shi_Latn_MA",
  "shi_Tfng",
  "shi_Tfng_MA",
  "shs_CA",
  "si",
  "si_LK",
  "sid_ET",
  "sk",
  "sk_SK",
  "sl",
  "sl_SI",
  "sn",
  "sn_ZW",
  "so",
  "so_DJ",
  "so_ET",
  "so_KE",
  "so_SO",
  "sq",
  "sq_AL",
  "sq_MK",
  "sr",
  "sr_Cyrl",
  "sr_Cyrl_BA",
  "sr_Cyrl_ME",
  "sr_Cyrl_RS",
  "sr_Latn",
  "sr_Latn_BA",
  "sr_Latn_ME",
  "sr_Latn_RS",
  "sr_ME",
  "sr_RS",
  "ss_ZA",
  "st_ZA",
  "sv",
  "sv_FI",
  "sv_SE",
  "sw",
  "sw_KE",
  "sw_TZ",
  "ta",
  "ta_IN",
  "ta_LK",
  "te",
  "te_IN",
  "teo",
  "teo_KE",
  "teo_UG",
  "tg_TJ",
  "th",
  "th_TH",
  "ti",
  "ti_ER",
  "ti_ET",
  "tig_ER",
  "tk_TM",
  "tl_PH",
  "tn_ZA",
  "to",
  "to_TO",
  "tr",
  "tr_CY",
  "tr_TR",
  "ts_ZA",
  "tt_RU",
  "tzm",
  "tzm_Latn",
  "tzm_Latn_MA",
  "ug_CN",
  "uk",
  "uk_UA",
  "unm_US",
  "ur",
  "ur_IN",
  "ur_PK",
  "uz",
  "uz_Arab",
  "uz_Arab_AF",
  "uz_Cyrl",
  "uz_Cyrl_UZ",
  "uz_Latn",
  "uz_Latn_UZ",
  "uz_UZ",
  "ve_ZA",
  "vi",
  "vi_VN",
  "vun",
  "vun_TZ",
  "wa_BE",
  "wae_CH",
  "wal_ET",
  "wo_SN",
  "xh_ZA",
  "xog",
  "xog_UG",
  "yi_US",
  "yo",
  "yo_NG",
  "yue_HK",
  "zh",
  "zh_CN",
  "zh_HK",
  "zh_Hans",
  "zh_Hans_CN",
  "zh_Hans_HK",
  "zh_Hans_MO",
  "zh_Hans_SG",
  "zh_Hant",
  "zh_Hant_HK",
  "zh_Hant_MO",
  "zh_Hant_TW",
  "zh_SG",
  "zh_TW",
  "zu",
  "zu_ZA"
]
